<?xml version="1.0" encoding="UTF-8"?>
<testng-results skipped="0" failed="0" total="1" passed="1">
  <reporter-output>
  </reporter-output>
  <suite name="Default suite" duration-ms="66549" started-at="2017-02-09T11:58:38Z" finished-at="2017-02-09T11:59:45Z">
    <groups>
    </groups>
    <test name="Default test" duration-ms="66549" started-at="2017-02-09T11:58:38Z" finished-at="2017-02-09T11:59:45Z">
      <class name="Selenium.SeleniumTestBrowser">
        <test-method status="PASS" signature="start_browser()[pri:0, instance:Selenium.SeleniumTestBrowser@20e2cbe0]" name="start_browser" duration-ms="66532" started-at="2017-02-09T17:28:38Z" finished-at="2017-02-09T17:29:45Z">
          <reporter-output>
          </reporter-output>
        </test-method> <!-- start_browser -->
      </class> <!-- Selenium.SeleniumTestBrowser -->
    </test> <!-- Default test -->
  </suite> <!-- Default suite -->
</testng-results>
